07:56:12,521  INFO CRSApplicationClient,main:29 - Hello From logger
07:57:55,470  WARN CRSApplicationClient,main:48 - Invalid User Input
07:59:07,361  INFO CRSApplicationClient,main:87 - Email or Password is incorrect, Try Again
08:03:02,931  INFO CRSApplicationClient,main:37 - User Logged in Successfully
08:03:42,969  INFO CRSApplicationClient,main:32 - Your admission request is still pending..., login later
08:12:56,543  INFO CRSApplicationClient,main:17 - User Logged in Successfully
08:12:58,206  INFO CRSApplicationClient,main:40 - You are successfully logged out.
10:02:20,616  INFO AdminClient,main:20 - User Logged in Successfully
10:04:24,163  INFO AdminInterfaceImpl,main:32 - Course Added Successfully
10:04:34,026  INFO AdminInterfaceImpl,main:42 - Course removed successfully
10:06:21,867  INFO AdminInterfaceImpl,main:73 - Professor created successfully.
10:23:35,073  INFO AdminClient,main:20 - User Logged in Successfully
10:25:21,196  INFO AdminInterfaceImpl,main:73 - Professor created successfully.
10:25:31,720  INFO CRSApplicationClient,main:40 - You are successfully logged out.
10:26:14,425  INFO ProfessorClient,main:20 - User Logged in Successfully
10:26:48,138  INFO ProfessorInterfaceImpl,main:112 - Course with courseId 9 selected.
10:27:07,881  INFO ProfessorInterfaceImpl,main:116 - Course with courseId 8 cannot be selected.
10:27:27,261  INFO ProfessorInterfaceImpl,main:116 - Course with courseId 9 cannot be selected.
10:27:45,128  INFO ProfessorInterfaceImpl,main:79 - Enter Correct Course Id
10:27:54,191  INFO ProfessorInterfaceImpl,main:68 - No Students enrolled in courseId: 9.
10:29:17,054  INFO ProfessorInterfaceImpl,main:53 - Grades Added Successfully
10:30:09,361  INFO ProfessorInterfaceImpl,main:39 - Invalid Course ID
10:30:54,223  INFO ProfessorInterfaceImpl,main:49 - Student Is Already Graded
10:31:21,448  INFO ProfessorInterfaceImpl,main:44 - Student Not Enrolled in the course
14:11:08,756  INFO CRSApplicationClient,main:40 - You are successfully logged out.
14:11:17,382  INFO CRSApplicationClient,main:87 - Email or Password is incorrect, Try Again
14:11:45,040  INFO CRSApplicationClient,main:112 - student1 you are successfully registered, please wait for Admin's Approval
14:11:57,112  WARN CRSApplicationClient,main:84 - Unidentified User
14:12:42,795  WARN CRSApplicationClient,main:84 - Unidentified User
14:18:07,070  INFO CRSApplicationClient,main:112 - student2 you are successfully registered, please wait for Admin's Approval
14:18:22,240  INFO StudentClient,main:38 - Your admission request is still pending..., login later
14:18:29,981  INFO AdminClient,main:20 - User Logged in Successfully
14:18:40,674  INFO AdminInterfaceImpl,main:61 - Student Addmission Request approved
14:18:43,943  INFO CRSApplicationClient,main:40 - You are successfully logged out.
14:18:52,659  INFO StudentClient,main:43 - User Logged in Successfully
14:19:27,610  INFO SemesterRegistrationInterfaceImpl,main:46 - Successfully added primary course
14:19:34,131 ERROR SemesterRegistrationInterfaceImpl,main:42 - Course already registered
14:19:42,918  INFO SemesterRegistrationInterfaceImpl,main:46 - Successfully added primary course
14:19:47,784  INFO SemesterRegistrationInterfaceImpl,main:46 - Successfully added primary course
14:19:53,433  INFO SemesterRegistrationInterfaceImpl,main:46 - Successfully added primary course
14:20:10,220  INFO SemesterRegistrationInterfaceImpl,main:94 - Course Deleted
14:20:20,751  INFO SemesterRegistrationInterfaceImpl,main:46 - Successfully added primary course
14:20:33,270  INFO SemesterRegistrationInterfaceImpl,main:194 - Your secondary course count is 0 but it should be 2
14:21:33,671  INFO SemesterRegistrationInterfaceImpl,main:73 - Successfully added secondary course
14:21:40,593  INFO SemesterRegistrationInterfaceImpl,main:73 - Successfully added secondary course
14:21:47,504  INFO SemesterRegistrationInterfaceImpl,main:183 - Courses submitted successfully
14:21:47,505  INFO SemesterRegistrationInterfaceImpl,main:185 - Semester is Registered successfully
14:22:02,349  INFO SemesterRegistrationInterfaceImpl,main:94 - Course Deleted
14:22:47,877  INFO SemesterRegistrationInterfaceImpl,main:233 - ## Payment is Successful
14:22:47,879  INFO SemesterRegistrationInterfaceImpl,main:236 - Notification Sent
14:23:31,333  INFO StudentInterfaceImpl,main:58 - Grades are yet to be added!!!
20:05:53,621  INFO StudentClient,main:42 - User Logged in Successfully
20:06:15,208  INFO SemesterRegistrationInterfaceImpl,main:42 - Student already registered for the semester
20:07:07,053  INFO CRSApplicationClient,main:112 - student3 you are successfully registered, please wait for Admin's Approval
20:07:19,944  INFO AdminClient,main:20 - User Logged in Successfully
20:07:31,559  INFO AdminInterfaceImpl,main:61 - Student Addmission Request approved
20:07:35,478  INFO CRSApplicationClient,main:40 - You are successfully logged out.
20:07:53,411  INFO CRSApplicationClient,main:87 - Email or Password is incorrect, Try Again
20:08:02,333  INFO StudentClient,main:42 - User Logged in Successfully
20:08:07,633  INFO SemesterRegistrationInterfaceImpl,main:122 - ### No registered courses to show
20:08:34,396  INFO SemesterRegistrationInterfaceImpl,main:84 - Successfully added primary course
20:08:43,362  INFO SemesterRegistrationInterfaceImpl,main:122 - ### No registered courses to show
20:11:05,257  INFO StudentClient,main:42 - User Logged in Successfully
20:11:16,001  INFO SemesterRegistrationInterfaceImpl,main:123 - ### No registered courses to show
20:11:26,054  INFO SemesterRegistrationInterfaceImpl,main:62 - Course already registered
20:11:47,175  INFO SemesterRegistrationInterfaceImpl,main:123 - ### No registered courses to show
20:12:26,464  INFO SemesterRegistrationInterfaceImpl,main:85 - Successfully added primary course
04:44:03,417  INFO StudentClient,main:42 - User Logged in Successfully
04:44:16,165  INFO SemesterRegistrationInterfaceImpl,main:127 - ### No registered courses to show
04:44:45,277  INFO SemesterRegistrationInterfaceImpl,main:85 - Successfully added course
04:45:02,370  INFO SemesterRegistrationInterfaceImpl,main:55 - 2 Primary Courses already selected.
06:04:15,300  INFO StudentClient,main:42 - User Logged in Successfully
06:04:39,738  INFO SemesterRegistrationInterfaceImpl,main:129 - ### No registered courses to show
06:05:00,379  INFO SemesterRegistrationInterfaceImpl,main:85 - Successfully added course
06:06:08,446  INFO SemesterRegistrationInterfaceImpl,main:85 - Successfully added course
06:06:40,031  INFO SemesterRegistrationInterfaceImpl,main:55 - 2 secondary Courses already selected.
06:06:43,787  INFO SemesterRegistrationInterfaceImpl,main:85 - Successfully added course
06:07:06,791  INFO SemesterRegistrationInterfaceImpl,main:108 - Course Dropped Successfully
06:07:19,380  INFO SemesterRegistrationInterfaceImpl,main:108 - Course Dropped Successfully
06:07:53,832  INFO SemesterRegistrationInterfaceImpl,main:85 - Successfully added course
06:08:04,174  INFO SemesterRegistrationInterfaceImpl,main:85 - Successfully added course
06:08:09,111  INFO SemesterRegistrationInterfaceImpl,main:198 - You have selected 4 primary courses and 4secondary courses.
06:13:04,135  INFO StudentClient,main:42 - User Logged in Successfully
06:13:10,772  INFO SemesterRegistrationInterfaceImpl,main:134 - ### No registered courses to show
06:13:23,046  INFO SemesterRegistrationInterfaceImpl,main:210 - You have selected 4 primary courses and 2secondary courses.
06:21:15,692  INFO StudentClient,main:42 - User Logged in Successfully
06:21:41,822  INFO SemesterRegistrationInterfaceImpl,main:134 - ### No registered courses to show
06:21:50,681  INFO SemesterRegistrationInterfaceImpl,main:210 - You have selected 4 primary courses and 2secondary courses.
06:29:26,705  INFO StudentClient,main:42 - User Logged in Successfully
06:29:35,223  INFO SemesterRegistrationInterfaceImpl,main:134 - ### No registered courses to show
06:29:39,138  INFO SemesterRegistrationInterfaceImpl,main:210 - You have selected 4 primary courses and 2secondary courses.
06:33:09,211  INFO StudentClient,main:42 - User Logged in Successfully
06:33:13,680  INFO SemesterRegistrationInterfaceImpl,main:134 - ### No registered courses to show
06:33:15,333  INFO SemesterRegistrationInterfaceImpl,main:210 - You have selected 4 primary courses and 2secondary courses.
06:46:13,904  INFO StudentClient,main:42 - User Logged in Successfully
06:46:23,187  INFO SemesterRegistrationInterfaceImpl,main:134 - ### No registered courses to show
06:46:25,590  INFO SemesterRegistrationInterfaceImpl,main:210 - You have selected 4 primary courses and 2secondary courses.
07:57:34,316  INFO CRSApplicationClient,main:87 - Email or Password is incorrect, Try Again
07:57:53,345  INFO CRSApplicationClient,main:112 - student4 you are successfully registered, please wait for Admin's Approval
07:59:40,621  INFO StudentClient,main:41 - Your admission request is still pending..., login later
07:59:50,098  INFO AdminClient,main:20 - User Logged in Successfully
08:00:03,184  INFO AdminClient,main:20 - User Logged in Successfully
08:00:13,571  INFO AdminInterfaceImpl,main:61 - Student Addmission Request approved
08:00:28,246  INFO CRSApplicationClient,main:40 - You are successfully logged out.
08:00:38,543  INFO StudentClient,main:45 - User Logged in Successfully
08:00:43,283  INFO StudentInterfaceImpl,main:49 - Student is not registered for the semester
08:00:43,284  INFO StudentClient,main:202 - No grades available at the moment.
08:01:15,292  INFO SemesterRegistrationInterfaceImpl,main:69 - Maximum limit of students for courseId 1 reached.
08:01:31,760  INFO SemesterRegistrationInterfaceImpl,main:85 - Successfully added course
08:01:47,102  INFO SemesterRegistrationInterfaceImpl,main:85 - Successfully added course
08:01:52,203  INFO SemesterRegistrationInterfaceImpl,main:85 - Successfully added course
08:01:54,819  INFO SemesterRegistrationInterfaceImpl,main:85 - Successfully added course
08:01:58,250  INFO SemesterRegistrationInterfaceImpl,main:85 - Successfully added course
08:02:00,684  INFO SemesterRegistrationInterfaceImpl,main:85 - Successfully added course
08:02:06,299  INFO SemesterRegistrationInterfaceImpl,main:134 - ### No registered courses to show
08:02:11,680  INFO SemesterRegistrationInterfaceImpl,main:194 - You have selected 4 primary courses and 2secondary courses.
08:02:11,694  INFO StudentClient,main:158 - Selected Courses submitted successfully
08:02:26,047  INFO SemesterRegistrationInterfaceImpl,main:181 - Student already registered for the semester
08:02:41,562  INFO StudentClient,main:202 - No grades available at the moment.
08:02:47,355  INFO StudentClient,main:187 - Fee payement completed.
08:02:57,419  INFO StudentClient,main:192 - No Pending fees.
08:15:47,447  INFO StudentClient,main:46 - User Logged in Successfully
08:16:26,529  INFO StudentClient,main:46 - User Logged in Successfully
08:16:59,285  INFO StudentClient,main:46 - User Logged in Successfully
08:17:16,243  INFO StudentClient,main:203 - No grades available at the moment.
08:17:37,975  INFO StudentClient,main:46 - User Logged in Successfully
08:18:32,363  INFO CRSApplicationClient,main:40 - You are successfully logged out.
08:18:42,776  INFO ProfessorClient,main:20 - User Logged in Successfully
08:19:25,061  INFO ProfessorInterfaceImpl,main:53 - Grades Added Successfully
08:19:28,552  INFO CRSApplicationClient,main:40 - You are successfully logged out.
08:19:39,761  INFO StudentClient,main:46 - User Logged in Successfully
08:19:42,262  INFO StudentClient,main:203 - No grades available at the moment.
08:19:57,631  INFO CRSApplicationClient,main:34 - User Password Updated Successfully
08:37:35,034  INFO StudentClient,main:203 - No grades available at the moment.
08:41:06,849  INFO StudentClient,main:46 - User Logged in Successfully
08:42:40,667  INFO StudentClient,main:46 - User Logged in Successfully
08:42:42,599  INFO StudentClient,main:203 - No grades available at the moment.
08:50:22,436  INFO StudentClient,main:46 - User Logged in Successfully
08:50:29,156  INFO StudentClient,main:203 - No grades available at the moment.
08:51:36,616  INFO StudentClient,main:46 - User Logged in Successfully
08:51:39,801  INFO StudentClient,main:203 - No grades available at the moment.
08:52:37,339  INFO StudentClient,main:46 - User Logged in Successfully
08:52:39,689  INFO StudentClient,main:203 - No grades available at the moment.
08:53:35,820  INFO StudentClient,main:46 - User Logged in Successfully
08:53:37,876  INFO StudentClient,main:203 - No grades available at the moment.
08:55:54,637  INFO StudentClient,main:46 - User Logged in Successfully
08:57:45,361  INFO StudentClient,main:46 - User Logged in Successfully
09:07:21,827  INFO AdminClient,main:21 - User Logged in Successfully
09:09:33,894  INFO CRSApplicationClient,main:34 - User Password Updated Successfully
09:09:35,719  INFO CRSApplicationClient,main:40 - You are successfully logged out.
09:09:43,175  INFO CRSApplicationClient,main:87 - Email or Password is incorrect, Try Again
09:09:52,938  INFO AdminClient,main:21 - User Logged in Successfully
09:09:58,647  INFO CRSApplicationClient,main:40 - You are successfully logged out.
09:10:03,016  INFO ProfessorClient,main:22 - User Logged in Successfully
09:10:11,299  INFO CRSApplicationClient,main:34 - User Password Updated Successfully
09:10:12,853  INFO CRSApplicationClient,main:40 - You are successfully logged out.
09:10:15,711  INFO CRSApplicationClient,main:87 - Email or Password is incorrect, Try Again
09:10:18,802  INFO ProfessorClient,main:22 - User Logged in Successfully
09:19:59,548  INFO AdminClient,main:20 - User Logged in Successfully
09:20:16,791  INFO AdminInterfaceImpl,main:32 - Course Added Successfully
10:54:37,922  INFO StudentClient,main:40 - User Logged in Successfully
